\BOOKMARK [1][-]{section.1}{Introduction}{}% 1
\BOOKMARK [2][-]{subsection.1.1}{Overview}{section.1}% 2
\BOOKMARK [2][-]{subsection.1.2}{A Review of Terminology}{section.1}% 3
\BOOKMARK [2][-]{subsection.1.3}{Current State of the Art}{section.1}% 4
\BOOKMARK [2][-]{subsection.1.4}{Contributions of the SCP Framework}{section.1}% 5
\BOOKMARK [2][-]{subsection.1.5}{Thesis Layout}{section.1}% 6
\BOOKMARK [1][-]{section.2}{Mathematical Preliminaries}{}% 7
\BOOKMARK [2][-]{subsection.2.1}{Logic Programming}{section.2}% 8
\BOOKMARK [2][-]{subsection.2.2}{The Weak Completion Semantics}{section.2}% 9
\BOOKMARK [2][-]{subsection.2.3}{Reiter's Default Logic}{section.2}% 10
\BOOKMARK [1][-]{section.3}{Experiments}{}% 11
\BOOKMARK [1][-]{section.4}{Sequential Cognition Processes}{}% 12
\BOOKMARK [2][-]{subsection.4.1}{SCPs: An Intuitionist Description}{section.4}% 13
\BOOKMARK [2][-]{subsection.4.2}{SCPs: Mathematical Formulation}{section.4}% 14
\BOOKMARK [2][-]{subsection.4.3}{Overview}{section.4}% 15
\BOOKMARK [2][-]{subsection.4.4}{SCPs vs SCP Tasks}{section.4}% 16
\BOOKMARK [2][-]{subsection.4.5}{Epistemic States}{section.4}% 17
\BOOKMARK [2][-]{subsection.4.6}{State Points}{section.4}% 18
\BOOKMARK [2][-]{subsection.4.7}{Pre-conditions and Effects}{section.4}% 19
\BOOKMARK [2][-]{subsection.4.8}{The Categorization Variable}{section.4}% 20
\BOOKMARK [2][-]{subsection.4.9}{Search in SCP-Space}{section.4}% 21
\BOOKMARK [1][-]{section.5}{Comparing SCPs}{}% 22
\BOOKMARK [2][-]{subsection.5.1}{Why do we need to compare SCPs?}{section.5}% 23
\BOOKMARK [2][-]{subsection.5.2}{Comparing Generated SCPs}{section.5}% 24
\BOOKMARK [2][-]{subsection.5.3}{Comparing External SCPs}{section.5}% 25
\BOOKMARK [1][-]{section.6}{Program Design}{}% 26
\BOOKMARK [2][-]{subsection.6.1}{Implementing the SCP Framework}{section.6}% 27
\BOOKMARK [2][-]{subsection.6.2}{A Modular Programming Approach}{section.6}% 28
\BOOKMARK [1][-]{section.7}{Non-Sequential Cognitive Processes}{}% 29
\BOOKMARK [1][-]{section.8}{Conclusions and Future Work}{}% 30
\BOOKMARK [2][-]{subsection.8.1}{Conclusion}{section.8}% 31
\BOOKMARK [2][-]{subsection.8.2}{Future Work}{section.8}% 32
\BOOKMARK [1][-]{section.9}{Introduction}{}% 33
\BOOKMARK [1][-]{section.10}{Mathematical Preliminaries}{}% 34
\BOOKMARK [2][-]{subsection.10.1}{Propositional Logic}{section.10}% 35
\BOOKMARK [2][-]{subsection.10.2}{Non-monotonic Logics in General}{section.10}% 36
\BOOKMARK [2][-]{subsection.10.3}{The Weak Completion Semantics}{section.10}% 37
\BOOKMARK [1][-]{section.11}{Experiments: The Suppression Task}{}% 38
\BOOKMARK [1][-]{section.12}{Sequential Cognition Process}{}% 39
\BOOKMARK [2][-]{subsection.12.1}{SCPs: an Intuitive Description}{section.12}% 40
\BOOKMARK [2][-]{subsection.12.2}{SCPs: a Formal Framework}{section.12}% 41
\BOOKMARK [2][-]{subsection.12.3}{Choosing an Epistemic State}{section.12}% 42
\BOOKMARK [2][-]{subsection.12.4}{Choosing a set of Complex Operations}{section.12}% 43
\BOOKMARK [1][-]{section.13}{Modelling with SCPs}{}% 44
\BOOKMARK [2][-]{subsection.13.1}{SCPs Under the Weak Completion Semantics}{section.13}% 45
\BOOKMARK [1][-]{section.14}{Conclusions and Future Work}{}% 46
