\BOOKMARK [0][-]{section*.1}{\376\377\000D\000e\000c\000l\000a\000r\000a\000t\000i\000o\000n\000\040\000o\000f\000\040\000A\000u\000t\000h\000o\000r\000s\000h\000i\000p}{}% 1
\BOOKMARK [0][-]{section*.2}{\376\377\000A\000b\000s\000t\000r\000a\000c\000t}{}% 2
\BOOKMARK [0][-]{section*.3}{\376\377\000A\000c\000k\000n\000o\000w\000l\000e\000d\000g\000e\000m\000e\000n\000t\000s}{}% 3
\BOOKMARK [0][-]{chapter.9}{\376\377\000I\000n\000t\000r\000o\000d\000u\000c\000t\000i\000o\000n}{}% 4
\BOOKMARK [1][-]{section.10}{\376\377\000O\000v\000e\000r\000v\000i\000e\000w}{chapter.9}% 5
\BOOKMARK [1][-]{section.11}{\376\377\000A\000\040\000R\000e\000v\000i\000e\000w\000\040\000o\000f\000\040\000T\000e\000r\000m\000i\000n\000o\000l\000o\000g\000y}{chapter.9}% 6
\BOOKMARK [1][-]{section.12}{\376\377\000C\000u\000r\000r\000e\000n\000t\000\040\000S\000t\000a\000t\000e\000\040\000o\000f\000\040\000t\000h\000e\000\040\000A\000r\000t}{chapter.9}% 7
\BOOKMARK [1][-]{section.13}{\376\377\000C\000o\000n\000t\000r\000i\000b\000u\000t\000i\000o\000n\000s\000\040\000o\000f\000\040\000t\000h\000e\000\040\000S\000C\000P\000\040\000F\000r\000a\000m\000e\000w\000o\000r\000k}{chapter.9}% 8
\BOOKMARK [1][-]{section.14}{\376\377\000T\000h\000e\000s\000i\000s\000\040\000L\000a\000y\000o\000u\000t}{chapter.9}% 9
\BOOKMARK [0][-]{chapter.15}{\376\377\000M\000a\000t\000h\000e\000m\000a\000t\000i\000c\000a\000l\000\040\000P\000r\000e\000l\000i\000m\000i\000n\000a\000r\000i\000e\000s}{}% 10
\BOOKMARK [1][-]{section.16}{\376\377\000P\000r\000o\000p\000o\000s\000i\000t\000i\000o\000n\000a\000l\000\040\000L\000o\000g\000i\000c}{chapter.15}% 11
\BOOKMARK [1][-]{section.18}{\376\377\000L\000o\000g\000i\000c\000\040\000P\000r\000o\000g\000r\000a\000m\000m\000i\000n\000g}{chapter.15}% 12
\BOOKMARK [1][-]{section.19}{\376\377\000N\000o\000n\000-\000M\000o\000n\000o\000t\000o\000n\000i\000c\000\040\000L\000o\000g\000i\000c\000s}{chapter.15}% 13
\BOOKMARK [1][-]{section.20}{\376\377\000T\000h\000e\000\040\000W\000e\000a\000k\000\040\000C\000o\000m\000p\000l\000e\000t\000i\000o\000n\000\040\000S\000e\000m\000a\000n\000t\000i\000c\000s}{chapter.15}% 14
\BOOKMARK [1][-]{section.24}{\376\377\000R\000e\000i\000t\000e\000r\000'\000s\000\040\000D\000e\000f\000a\000u\000l\000t\000\040\000L\000o\000g\000i\000c}{chapter.15}% 15
\BOOKMARK [0][-]{chapter.25}{\376\377\000E\000x\000p\000e\000r\000i\000m\000e\000n\000t\000s}{}% 16
\BOOKMARK [1][-]{section.26}{\376\377\000S\000u\000p\000p\000r\000e\000s\000s\000i\000o\000n\000\040\000T\000a\000s\000k}{chapter.25}% 17
\BOOKMARK [2][-]{subsection.27}{\376\377\000I\000n\000t\000u\000i\000t\000i\000v\000e\000\040\000O\000v\000e\000r\000v\000i\000e\000w}{section.26}% 18
\BOOKMARK [2][-]{subsection.28}{\376\377\000M\000o\000d\000e\000l\000l\000i\000n\000g\000\040\000t\000h\000e\000\040\000S\000u\000p\000p\000r\000e\000s\000s\000i\000o\000n\000\040\000T\000a\000s\000k}{section.26}% 19
\BOOKMARK [1][-]{section.37}{\376\377\000W\000a\000s\000o\000n\000\040\000S\000e\000l\000e\000c\000t\000i\000o\000n\000\040\000T\000a\000s\000k}{chapter.25}% 20
\BOOKMARK [2][-]{subsection.38}{\376\377\000I\000n\000t\000u\000i\000t\000i\000v\000e\000\040\000O\000v\000e\000r\000v\000i\000e\000w}{section.37}% 21
\BOOKMARK [2][-]{subsection.41}{\376\377\000M\000o\000d\000e\000l\000l\000i\000n\000g\000\040\000t\000h\000e\000\040\000W\000a\000s\000o\000n\000\040\000S\000e\000l\000e\000c\000t\000i\000o\000n\000\040\000T\000a\000s\000k}{section.37}% 22
\BOOKMARK [1][-]{section.51}{\376\377\000M\000o\000r\000e}{chapter.25}% 23
\BOOKMARK [0][-]{chapter.52}{\376\377\000S\000e\000q\000u\000e\000n\000t\000i\000a\000l\000\040\000C\000o\000g\000n\000i\000t\000i\000o\000n\000\040\000P\000r\000o\000c\000e\000s\000s\000e\000s}{}% 24
\BOOKMARK [1][-]{section.53}{\376\377\000S\000C\000P\000s\000:\000\040\000A\000n\000\040\000I\000n\000t\000u\000i\000t\000i\000o\000n\000i\000s\000t\000\040\000D\000e\000s\000c\000r\000i\000p\000t\000i\000o\000n}{chapter.52}% 25
\BOOKMARK [1][-]{section.55}{\376\377\000S\000C\000P\000s\000:\000\040\000M\000a\000t\000h\000e\000m\000a\000t\000i\000c\000a\000l\000\040\000F\000o\000r\000m\000u\000l\000a\000t\000i\000o\000n}{chapter.52}% 26
\BOOKMARK [1][-]{section.57}{\376\377\000S\000C\000P\000\040\000T\000a\000s\000k\000s\000\040\000v\000s\000.\000\040\000S\000C\000P\000s\000\040\000v\000s\000.\000\040\000R\000e\000a\000l\000i\000s\000e\000d\000\040\000S\000C\000P\000s}{chapter.52}% 27
\BOOKMARK [1][-]{section.59}{\376\377\000E\000p\000i\000s\000t\000e\000m\000i\000c\000\040\000S\000t\000a\000t\000e\000s}{chapter.52}% 28
\BOOKMARK [2][-]{subsection.60}{\376\377\000S\000t\000a\000t\000e\000\040\000P\000o\000i\000n\000t\000s}{section.59}% 29
\BOOKMARK [2][-]{subsection.61}{\376\377\000T\000h\000e\000\040\000C\000a\000t\000e\000g\000o\000r\000i\000z\000a\000t\000i\000o\000n\000\040\000V\000a\000r\000i\000a\000b\000l\000e}{section.59}% 30
\BOOKMARK [1][-]{section.62}{\376\377\000C\000o\000g\000n\000i\000t\000i\000v\000e\000\040\000O\000p\000e\000r\000a\000t\000i\000o\000n\000s}{chapter.52}% 31
\BOOKMARK [2][-]{subsection.63}{\376\377\000P\000r\000e\000-\000c\000o\000n\000d\000i\000t\000i\000o\000n\000s\000\040\000a\000n\000d\000\040\000E\000f\000f\000e\000c\000t\000s}{section.62}% 32
\BOOKMARK [2][-]{subsection.64}{\376\377\000O\000p\000t\000i\000m\000a\000l\000i\000t\000y\000,\000\040\000S\000a\000t\000i\000s\000f\000a\000c\000t\000i\000o\000n\000,\000\040\000V\000a\000l\000i\000d\000i\000t\000y}{section.62}% 33
\BOOKMARK [3][-]{section*.65}{\376\377\000V\000a\000l\000i\000d\000i\000t\000y}{subsection.64}% 34
\BOOKMARK [3][-]{section*.66}{\376\377\000S\000a\000t\000i\000s\000f\000a\000c\000t\000i\000o\000n}{subsection.64}% 35
\BOOKMARK [3][-]{section*.67}{\376\377\000O\000p\000t\000i\000m\000a\000l\000i\000t\000y}{subsection.64}% 36
\BOOKMARK [1][-]{section.69}{\376\377\000E\000x\000t\000e\000r\000n\000a\000l\000\040\000E\000v\000a\000l\000u\000a\000t\000i\000o\000n\000\040\000F\000u\000n\000c\000t\000i\000o\000n\000s}{chapter.52}% 37
\BOOKMARK [1][-]{section.70}{\376\377\000S\000e\000a\000r\000c\000h\000\040\000i\000n\000\040\000S\000C\000P\000-\000S\000p\000a\000c\000e}{chapter.52}% 38
\BOOKMARK [2][-]{subsection.71}{\376\377\000D\000e\000-\000N\000o\000v\000o\000\040\000S\000C\000P\000\040\000S\000e\000a\000r\000c\000h\000i\000n\000g}{section.70}% 39
\BOOKMARK [2][-]{subsection.73}{\376\377\000I\000n\000s\000e\000r\000t\000i\000o\000n\000\040\000S\000e\000a\000r\000c\000h}{section.70}% 40
\BOOKMARK [0][-]{chapter.75}{\376\377\000C\000o\000g\000n\000i\000t\000i\000v\000e\000\040\000O\000p\000e\000r\000a\000t\000i\000o\000n\000s\000:\000\040\000T\000h\000e\000\040\000C\000o\000g\000n\000i\000t\000i\000v\000e\000\040\000T\000o\000o\000l\000b\000o\000x}{}% 41
\BOOKMARK [1][-]{section.76}{\376\377\000O\000v\000e\000r\000v\000i\000e\000w}{chapter.75}% 42
\BOOKMARK [1][-]{section.77}{\376\377\000C\000o\000g\000n\000i\000t\000i\000v\000e\000\040\000O\000p\000e\000r\000a\000t\000i\000o\000n\000\040\000S\000p\000a\000c\000e}{chapter.75}% 43
\BOOKMARK [1][-]{section.87}{\376\377\000A\000\040\000L\000i\000m\000i\000t\000e\000d\000\040\000S\000e\000t\000\040\000o\000f\000\040\000A\000l\000l\000o\000w\000a\000b\000l\000e\000\040\000O\000p\000e\000r\000a\000t\000i\000o\000n\000s}{chapter.75}% 44
\BOOKMARK [2][-]{subsection.89}{\376\377\000A\000\040\000L\000i\000m\000i\000t\000e\000d\000\040\000S\000e\000t\000\040\000o\000f\000\040\000C\000o\000g\000n\000i\000t\000i\000v\000e\000\040\000O\000p\000e\000r\000a\000t\000i\000o\000n\000s}{section.87}% 45
\BOOKMARK [2][-]{subsection.91}{\376\377\000A\000\040\000L\000i\000m\000i\000t\000e\000d\000\040\000S\000C\000P\000\040\000L\000e\000n\000g\000t\000h}{section.87}% 46
\BOOKMARK [1][-]{section.92}{\376\377\000P\000u\000r\000p\000o\000s\000e\000-\000S\000e\000l\000e\000c\000t\000e\000d\000\040\000C\000o\000g\000n\000i\000t\000i\000v\000e\000\040\000O\000p\000e\000r\000a\000t\000i\000o\000n\000s}{chapter.75}% 47
\BOOKMARK [2][-]{subsection.93}{\376\377\000O\000v\000e\000r\000v\000i\000e\000w}{section.92}% 48
\BOOKMARK [2][-]{subsection.94}{\376\377\000I\000n\000i\000t\000i\000a\000l\000i\000s\000a\000t\000i\000o\000n}{section.92}% 49
\BOOKMARK [2][-]{subsection.96}{\376\377\000V\000a\000r\000i\000a\000b\000l\000e\000\040\000I\000n\000s\000e\000r\000t\000i\000o\000n}{section.92}% 50
\BOOKMARK [2][-]{subsection.97}{\376\377\000V\000a\000r\000i\000a\000b\000l\000e\000\040\000D\000e\000l\000e\000t\000i\000o\000n}{section.92}% 51
\BOOKMARK [2][-]{subsection.98}{\376\377\000V\000a\000r\000i\000a\000b\000l\000e\000\040\000S\000i\000l\000e\000n\000c\000i\000n\000g}{section.92}% 52
\BOOKMARK [2][-]{subsection.99}{\376\377\000V\000a\000r\000i\000a\000b\000l\000e\000\040\000F\000i\000x\000a\000t\000i\000o\000n}{section.92}% 53
\BOOKMARK [2][-]{subsection.100}{\376\377\000A\000d\000d\000i\000n\000g\000\040\000A\000b\000n\000o\000r\000m\000a\000l\000i\000t\000i\000e\000s}{section.92}% 54
\BOOKMARK [2][-]{subsection.102}{\376\377\000W\000e\000a\000k\000l\000y\000\040\000C\000o\000m\000p\000l\000e\000t\000i\000n\000g}{section.92}% 55
\BOOKMARK [2][-]{subsection.104}{\376\377\000S\000e\000m\000a\000n\000t\000i\000c\000\040\000O\000p\000e\000r\000a\000t\000o\000r}{section.92}% 56
\BOOKMARK [2][-]{subsection.106}{\376\377\000D\000e\000f\000a\000u\000l\000t\000\040\000I\000n\000f\000e\000r\000e\000n\000c\000i\000n\000g}{section.92}% 57
\BOOKMARK [1][-]{section.107}{\376\377\000C\000o\000g\000n\000i\000t\000i\000v\000e\000\040\000O\000p\000e\000r\000a\000t\000i\000o\000n\000s\000\040\000a\000s\000\040\000A\000g\000g\000r\000e\000g\000a\000t\000e\000s}{chapter.75}% 58
\BOOKMARK [1][-]{section.111}{\376\377\000E\000p\000i\000s\000t\000e\000m\000i\000c\000\040\000S\000t\000a\000t\000e\000\040\000S\000t\000r\000u\000c\000t\000u\000r\000e\000\040\000C\000h\000a\000n\000g\000e\000s\000\040\000w\000i\000t\000h\000\040\000C\000o\000g\000n\000i\000t\000i\000v\000e\000\040\000O\000p\000e\000r\000a\000t\000i\000o\000n\000s}{chapter.75}% 59
\BOOKMARK [1][-]{section.112}{\376\377\000P\000u\000r\000p\000o\000s\000e\000-\000B\000u\000i\000l\000t\000\040\000C\000o\000g\000n\000i\000t\000i\000v\000e\000\040\000O\000p\000e\000r\000a\000t\000i\000o\000n\000s}{chapter.75}% 60
\BOOKMARK [2][-]{subsection.113}{\376\377\000P\000r\000o\000p\000o\000s\000i\000t\000i\000o\000n\000a\000l\000\040\000L\000o\000g\000i\000c}{section.112}% 61
\BOOKMARK [2][-]{subsection.115}{\376\377\000W\000e\000a\000k\000\040\000C\000o\000m\000p\000l\000e\000t\000i\000o\000n\000\040\000S\000e\000m\000a\000n\000t\000i\000c\000s}{section.112}% 62
\BOOKMARK [2][-]{subsection.116}{\376\377\000D\000e\000f\000a\000u\000l\000t\000\040\000L\000o\000g\000i\000c}{section.112}% 63
\BOOKMARK [1][-]{section.117}{\376\377\000T\000w\000o\000\040\000A\000p\000p\000r\000o\000a\000c\000h\000e\000s\000\040\000t\000o\000\040\000C\000r\000e\000a\000t\000i\000n\000g\000\040\000C\000o\000g\000n\000i\000t\000i\000v\000e\000\040\000O\000p\000e\000r\000a\000t\000i\000o\000n\000s}{chapter.75}% 64
\BOOKMARK [1][-]{section.118}{\376\377\000T\000h\000e\000o\000r\000e\000t\000i\000c\000a\000l\000\040\000A\000p\000p\000r\000o\000x\000i\000m\000a\000t\000i\000o\000n}{chapter.75}% 65
\BOOKMARK [1][-]{section.119}{\376\377\000E\000m\000p\000i\000r\000i\000c\000a\000l\000\040\000A\000p\000p\000o\000x\000i\000m\000a\000t\000i\000o\000n}{chapter.75}% 66
\BOOKMARK [0][-]{chapter.120}{\376\377\000M\000i\000m\000i\000c\000k\000i\000n\000g\000\040\000N\000o\000n\000-\000M\000o\000n\000o\000t\000o\000n\000i\000c\000\040\000L\000o\000g\000i\000c\000s\000\040\000W\000i\000t\000h\000\040\000S\000C\000P\000s}{}% 67
\BOOKMARK [1][-]{section.121}{\376\377\000T\000h\000e\000\040\000S\000u\000p\000p\000r\000e\000s\000s\000i\000o\000n\000\040\000T\000a\000s\000k}{chapter.120}% 68
\BOOKMARK [1][-]{section.122}{\376\377\000T\000h\000e\000\040\000W\000e\000a\000k\000\040\000C\000o\000m\000p\000l\000e\000t\000i\000o\000n\000\040\000S\000e\000m\000a\000n\000t\000i\000c\000s}{chapter.120}% 69
\BOOKMARK [0][-]{chapter.123}{\376\377\000M\000o\000d\000e\000l\000l\000i\000n\000g\000\040\000E\000x\000p\000e\000r\000i\000m\000e\000n\000t\000s\000\040\000w\000i\000t\000h\000\040\000S\000C\000P\000s}{}% 70
\BOOKMARK [1][-]{section.124}{\376\377\000O\000v\000e\000r\000v\000i\000e\000w}{chapter.123}% 71
\BOOKMARK [1][-]{section.125}{\376\377\000S\000u\000p\000p\000r\000e\000s\000s\000i\000o\000n\000\040\000T\000a\000s\000k}{chapter.123}% 72
\BOOKMARK [2][-]{subsection.129}{\376\377\000E\000x\000t\000e\000n\000d\000i\000n\000g\000\040\000t\000h\000e\000\040\000S\000u\000p\000p\000r\000e\000s\000s\000i\000o\000n\000\040\000T\000a\000s\000k\000\040\000w\000i\000t\000h\000\040\000S\000C\000P\000s}{section.125}% 73
\BOOKMARK [1][-]{section.134}{\376\377\000W\000a\000s\000o\000n\000\040\000S\000e\000l\000e\000c\000t\000i\000o\000n\000\040\000T\000a\000s\000k}{chapter.123}% 74
\BOOKMARK [0][-]{chapter.135}{\376\377\000C\000o\000m\000p\000a\000r\000i\000n\000g\000\040\000S\000C\000P\000s}{}% 75
\BOOKMARK [1][-]{section.136}{\376\377\000W\000h\000y\000\040\000d\000o\000\040\000w\000e\000\040\000n\000e\000e\000d\000\040\000t\000o\000\040\000c\000o\000m\000p\000a\000r\000e\000\040\000S\000C\000P\000s\000?}{chapter.135}% 76
\BOOKMARK [1][-]{section.139}{\376\377\000C\000o\000m\000p\000a\000r\000i\000n\000g\000\040\000G\000e\000n\000e\000r\000a\000t\000e\000d\000\040\000S\000C\000P\000s}{chapter.135}% 77
\BOOKMARK [2][-]{subsection.140}{\376\377\000S\000c\000o\000r\000i\000n\000g}{section.139}% 78
\BOOKMARK [3][-]{section*.141}{\376\377\000S\000C\000P\000\040\000L\000e\000n\000g\000t\000h}{subsection.140}% 79
\BOOKMARK [1][-]{section.142}{\376\377\000C\000o\000m\000p\000a\000r\000i\000n\000g\000\040\000E\000x\000t\000e\000r\000n\000a\000l\000\040\000S\000C\000P\000s}{chapter.135}% 80
\BOOKMARK [2][-]{subsection.143}{\376\377\000T\000h\000e\000\040\000N\000e\000e\000d\000l\000e\000m\000a\000n\000-\000W\000u\000n\000s\000c\000h\000\040\000A\000l\000g\000o\000r\000i\000t\000h\000m}{section.142}% 81
\BOOKMARK [2][-]{subsection.144}{\376\377\000A\000\040\000M\000o\000d\000i\000f\000i\000e\000d\000\040\000S\000c\000o\000r\000i\000n\000g\000\040\000A\000l\000g\000o\000r\000i\000t\000h\000m}{section.142}% 82
\BOOKMARK [0][-]{chapter.145}{\376\377\000P\000r\000o\000g\000r\000a\000m\000\040\000D\000e\000s\000i\000g\000n}{}% 83
\BOOKMARK [1][-]{section.146}{\376\377\000I\000m\000p\000l\000e\000m\000e\000n\000t\000i\000n\000g\000\040\000t\000h\000e\000\040\000S\000C\000P\000\040\000F\000r\000a\000m\000e\000w\000o\000r\000k}{chapter.145}% 84
\BOOKMARK [1][-]{section.147}{\376\377\000A\000\040\000M\000o\000d\000u\000l\000a\000r\000\040\000P\000r\000o\000g\000r\000a\000m\000m\000i\000n\000g\000\040\000A\000p\000p\000r\000o\000a\000c\000h}{chapter.145}% 85
\BOOKMARK [2][-]{subsection.148}{\376\377\000M\000o\000s\000t\000\040\000I\000m\000p\000o\000r\000t\000a\000n\000t\000\040\000M\000o\000d\000u\000l\000e\000s}{section.147}% 86
\BOOKMARK [2][-]{subsection.149}{\376\377\000P\000r\000o\000g\000r\000a\000m\000\040\000F\000l\000o\000w}{section.147}% 87
\BOOKMARK [1][-]{section.150}{\376\377\000E\000x\000t\000e\000r\000n\000a\000l\000\040\000F\000r\000a\000m\000e\000w\000o\000r\000k\000\040\000I\000n\000t\000e\000g\000r\000a\000t\000i\000o\000n}{chapter.145}% 88
\BOOKMARK [0][-]{chapter.151}{\376\377\000N\000o\000n\000-\000S\000e\000q\000u\000e\000n\000t\000i\000a\000l\000\040\000C\000o\000g\000n\000i\000t\000i\000v\000e\000\040\000P\000r\000o\000c\000e\000s\000s\000e\000s}{}% 89
\BOOKMARK [1][-]{section.152}{\376\377\000O\000v\000e\000r\000v\000i\000e\000w}{chapter.151}% 90
\BOOKMARK [1][-]{section.153}{\376\377\000A\000p\000p\000l\000i\000c\000a\000t\000i\000o\000n\000s}{chapter.151}% 91
\BOOKMARK [1][-]{section.154}{\376\377\000n\000S\000C\000P\000s\000:\000\040\000a\000\040\000F\000o\000r\000m\000a\000l\000\040\000F\000r\000a\000m\000e\000w\000o\000r\000k}{chapter.151}% 92
\BOOKMARK [1][-]{section.155}{\376\377\000T\000h\000e\000\040\000S\000u\000p\000p\000r\000e\000s\000s\000i\000o\000n\000\040\000T\000a\000s\000k\000\040\000a\000s\000\040\000a\000n\000\040\000n\000S\000C\000P}{chapter.151}% 93
\BOOKMARK [1][-]{section.156}{\376\377\000T\000h\000e\000\040\000W\000a\000s\000o\000n\000\040\000S\000e\000l\000e\000c\000t\000i\000o\000n\000\040\000T\000a\000s\000k\000\040\000a\000s\000\040\000a\000n\000\040\000n\000S\000C\000P}{chapter.151}% 94
\BOOKMARK [1][-]{section.157}{\376\377\000A\000\040\000c\000r\000o\000s\000s\000-\000t\000a\000s\000k\000\040\000n\000S\000C\000P}{chapter.151}% 95
\BOOKMARK [1][-]{section.158}{\376\377\000M\000u\000l\000t\000i\000p\000l\000e\000\040\000I\000n\000p\000u\000t\000s\000\040\000w\000i\000t\000h\000\040\000a\000n\000\040\000n\000S\000C\000P}{chapter.151}% 96
\BOOKMARK [1][-]{section.159}{\376\377\000M\000a\000c\000h\000i\000n\000e\000\040\000L\000e\000a\000r\000n\000i\000n\000g\000\040\000w\000i\000t\000h\000\040\000n\000S\000C\000P\000s}{chapter.151}% 97
\BOOKMARK [0][-]{chapter.160}{\376\377\000C\000o\000n\000c\000l\000u\000s\000i\000o\000n\000s\000\040\000a\000n\000d\000\040\000F\000u\000t\000u\000r\000e\000\040\000W\000o\000r\000k}{}% 98
\BOOKMARK [1][-]{section.161}{\376\377\000C\000o\000n\000c\000l\000u\000s\000i\000o\000n}{chapter.160}% 99
\BOOKMARK [1][-]{section.162}{\376\377\000F\000u\000t\000u\000r\000e\000\040\000W\000o\000r\000k}{chapter.160}% 100
\BOOKMARK [0][-]{appendix.164}{\376\377\000F\000r\000e\000q\000u\000e\000n\000t\000l\000y\000\040\000A\000s\000k\000e\000d\000\040\000Q\000u\000e\000s\000t\000i\000o\000n\000s}{}% 101
\BOOKMARK [1][-]{section.165}{\376\377\000H\000o\000w\000\040\000d\000o\000\040\000I\000\040\000c\000h\000a\000n\000g\000e\000\040\000t\000h\000e\000\040\000c\000o\000l\000o\000r\000s\000\040\000o\000f\000\040\000l\000i\000n\000k\000s\000?}{appendix.164}% 102
\BOOKMARK [0][-]{appendix*.166}{\376\377\000B\000i\000b\000l\000i\000o\000g\000r\000a\000p\000h\000y}{}% 103
